# JRE version: Java(TM) SE Runtime Environment (19.0+36) (build 19+36-2238)
# Java VM: Java HotSpot(TM) 64-Bit Server VM (19+36-2238, mixed mode, emulated-client, tiered, compressed oops, compressed class ptrs, g1 gc, windows-amd64)
GC Precious Log:
 CardTable entry size: 512
 Card Set container configuration: InlinePtr #cards 4 size 8 Array Of Cards #cards 8 size 32 Howl #buckets 8 coarsen threshold 3686 Howl Bitmap #cards 512 size 80 coarsen threshold 460 Card regions per heap region 1 cards per card region 4096
 CPUs: 12 total, 12 available
 Memory: 16193M
 Large Page Support: Disabled
 NUMA Support: Disabled
 Compressed Oops: Enabled (Zero based)
 Heap Region Size: 2M
 Heap Min Capacity: 8M
 Heap Initial Capacity: 254M
 Heap Max Capacity: 4050M
 Pre-touch: Disabled
 Parallel Workers: 10
 Concurrent Workers: 3
 Concurrent Refinement Workers: 10
 Periodic GC: Disabled
Heap:
 garbage-first heap   total 716800K, used 306840K [0x00000006c2e00000, 0x00000007c0000000)
  region size 2048K, 51 young (104448K), 3 survivors (6144K)
 Metaspace       used 192174K, committed 193728K, reserved 1245184K
  class space    used 19589K, committed 20352K, reserved 1048576K
GC Heap History (20 events):
Event: 19.182 GC heap before
{Heap before GC invocations=28 (full 0):
 garbage-first heap   total 827392K, used 582282K [0x00000006c2e00000, 0x00000007c0000000)
  region size 2048K, 242 young (495616K), 6 survivors (12288K)
 Metaspace       used 124871K, committed 125824K, reserved 1179648K
  class space    used 13925K, committed 14400K, reserved 1048576K
}
Event: 19.194 GC heap after
{Heap after GC invocations=29 (full 0):
 garbage-first heap   total 827392K, used 110783K [0x00000006c2e00000, 0x00000007c0000000)
  region size 2048K, 12 young (24576K), 12 survivors (24576K)
 Metaspace       used 124871K, committed 125824K, reserved 1179648K
  class space    used 13925K, committed 14400K, reserved 1048576K
}
Event: 21.493 GC heap before
{Heap before GC invocations=29 (full 0):
 garbage-first heap   total 827392K, used 581823K [0x00000006c2e00000, 0x00000007c0000000)
  region size 2048K, 242 young (495616K), 12 survivors (24576K)
 Metaspace       used 130912K, committed 131968K, reserved 1179648K
  class space    used 14096K, committed 14592K, reserved 1048576K
}
Event: 21.509 GC heap after
{Heap after GC invocations=30 (full 0):
 garbage-first heap   total 827392K, used 124552K [0x00000006c2e00000, 0x00000007c0000000)
  region size 2048K, 18 young (36864K), 18 survivors (36864K)
 Metaspace       used 130912K, committed 131968K, reserved 1179648K
  class space    used 14096K, committed 14592K, reserved 1048576K
}
Event: 23.819 GC heap before
{Heap before GC invocations=30 (full 0):
 garbage-first heap   total 827392K, used 583304K [0x00000006c2e00000, 0x00000007c0000000)
  region size 2048K, 242 young (495616K), 18 survivors (36864K)
 Metaspace       used 138376K, committed 139392K, reserved 1179648K
  class space    used 14471K, committed 14976K, reserved 1048576K
}
Event: 23.839 GC heap after
{Heap after GC invocations=31 (full 0):
 garbage-first heap   total 827392K, used 138368K [0x00000006c2e00000, 0x00000007c0000000)
  region size 2048K, 22 young (45056K), 22 survivors (45056K)
 Metaspace       used 138376K, committed 139392K, reserved 1179648K
  class space    used 14471K, committed 14976K, reserved 1048576K
}
Event: 26.184 GC heap before
{Heap before GC invocations=31 (full 0):
 garbage-first heap   total 827392K, used 588928K [0x00000006c2e00000, 0x00000007c0000000)
  region size 2048K, 242 young (495616K), 22 survivors (45056K)
 Metaspace       used 145358K, committed 146432K, reserved 1245184K
  class space    used 14786K, committed 15296K, reserved 1048576K
}
Event: 26.207 GC heap after
{Heap after GC invocations=32 (full 0):
 garbage-first heap   total 827392K, used 152973K [0x00000006c2e00000, 0x00000007c0000000)
  region size 2048K, 21 young (43008K), 21 survivors (43008K)
 Metaspace       used 145358K, committed 146432K, reserved 1245184K
  class space    used 14786K, committed 15296K, reserved 1048576K
}
Event: 28.507 GC heap before
{Heap before GC invocations=32 (full 0):
 garbage-first heap   total 827392K, used 605581K [0x00000006c2e00000, 0x00000007c0000000)
  region size 2048K, 242 young (495616K), 21 survivors (43008K)
 Metaspace       used 150661K, committed 151808K, reserved 1245184K
  class space    used 14973K, committed 15552K, reserved 1048576K
}
Event: 28.531 GC heap after
{Heap after GC invocations=33 (full 0):
 garbage-first heap   total 827392K, used 167049K [0x00000006c2e00000, 0x00000007c0000000)
  region size 2048K, 21 young (43008K), 21 survivors (43008K)
 Metaspace       used 150661K, committed 151808K, reserved 1245184K
  class space    used 14973K, committed 15552K, reserved 1048576K
}
Event: 31.833 GC heap before
{Heap before GC invocations=33 (full 0):
 garbage-first heap   total 827392K, used 619657K [0x00000006c2e00000, 0x00000007c0000000)
  region size 2048K, 242 young (495616K), 21 survivors (43008K)
 Metaspace       used 158652K, committed 159872K, reserved 1245184K
  class space    used 15663K, committed 16256K, reserved 1048576K
}
Event: 31.860 GC heap after
{Heap after GC invocations=34 (full 0):
 garbage-first heap   total 827392K, used 184758K [0x00000006c2e00000, 0x00000007c0000000)
  region size 2048K, 23 young (47104K), 23 survivors (47104K)
 Metaspace       used 158652K, committed 159872K, reserved 1245184K
  class space    used 15663K, committed 16256K, reserved 1048576K
}
Event: 34.696 GC heap before
{Heap before GC invocations=34 (full 0):
 garbage-first heap   total 827392K, used 633270K [0x00000006c2e00000, 0x00000007c0000000)
  region size 2048K, 242 young (495616K), 23 survivors (47104K)
 Metaspace       used 165090K, committed 166400K, reserved 1245184K
  class space    used 16560K, committed 17216K, reserved 1048576K
}
Event: 34.720 GC heap after
{Heap after GC invocations=35 (full 0):
 garbage-first heap   total 827392K, used 192946K [0x00000006c2e00000, 0x00000007c0000000)
  region size 2048K, 20 young (40960K), 20 survivors (40960K)
 Metaspace       used 165090K, committed 166400K, reserved 1245184K
  class space    used 16560K, committed 17216K, reserved 1048576K
}
Event: 36.093 GC heap before
{Heap before GC invocations=35 (full 0):
 garbage-first heap   total 827392K, used 418226K [0x00000006c2e00000, 0x00000007c0000000)
  region size 2048K, 132 young (270336K), 20 survivors (40960K)
 Metaspace       used 168570K, committed 169856K, reserved 1245184K
  class space    used 17066K, committed 17728K, reserved 1048576K
}
Event: 36.114 GC heap after
{Heap after GC invocations=36 (full 0):
 garbage-first heap   total 827392K, used 202938K [0x00000006c2e00000, 0x00000007c0000000)
  region size 2048K, 19 young (38912K), 19 survivors (38912K)
 Metaspace       used 168570K, committed 169856K, reserved 1245184K
  class space    used 17066K, committed 17728K, reserved 1048576K
}
Event: 157.513 GC heap before
{Heap before GC invocations=37 (full 0):
 garbage-first heap   total 716800K, used 592058K [0x00000006c2e00000, 0x00000007c0000000)
  region size 2048K, 210 young (430080K), 19 survivors (38912K)
 Metaspace       used 190019K, committed 191424K, reserved 1245184K
  class space    used 19374K, committed 20096K, reserved 1048576K
}
Event: 157.536 GC heap after
{Heap after GC invocations=38 (full 0):
 garbage-first heap   total 716800K, used 210353K [0x00000006c2e00000, 0x00000007c0000000)
  region size 2048K, 14 young (28672K), 14 survivors (28672K)
 Metaspace       used 190019K, committed 191424K, reserved 1245184K
  class space    used 19374K, committed 20096K, reserved 1048576K
}
Event: 157.630 GC heap before
{Heap before GC invocations=38 (full 0):
 garbage-first heap   total 716800K, used 216497K [0x00000006c2e00000, 0x00000007c0000000)
  region size 2048K, 17 young (34816K), 14 survivors (28672K)
 Metaspace       used 190305K, committed 191744K, reserved 1245184K
  class space    used 19410K, committed 20160K, reserved 1048576K
}
Event: 157.645 GC heap after
{Heap after GC invocations=39 (full 0):
 garbage-first heap   total 716800K, used 212632K [0x00000006c2e00000, 0x00000007c0000000)
  region size 2048K, 3 young (6144K), 3 survivors (6144K)
 Metaspace       used 190305K, committed 191744K, reserved 1245184K
  class space    used 19410K, committed 20160K, reserved 1048576K
}

